Determining if the pthread_create exist failed with the following output:
Change Dir: /localdisk/rsanna/Montage/ext/Clevel-Hashing/CMakeFiles/CMakeTmp

Run Build Command(s):/usr/bin/gmake cmTC_f3d72/fast 
/usr/bin/gmake -f CMakeFiles/cmTC_f3d72.dir/build.make CMakeFiles/cmTC_f3d72.dir/build
gmake[1]: Entering directory '/localdisk/rsanna/Montage/ext/Clevel-Hashing/CMakeFiles/CMakeTmp'
Building C object CMakeFiles/cmTC_f3d72.dir/CheckSymbolExists.c.o
/usr/bin/cc    -o CMakeFiles/cmTC_f3d72.dir/CheckSymbolExists.c.o   -c /localdisk/rsanna/Montage/ext/Clevel-Hashing/CMakeFiles/CMakeTmp/CheckSymbolExists.c
Linking C executable cmTC_f3d72
/usr/bin/cmake -E cmake_link_script CMakeFiles/cmTC_f3d72.dir/link.txt --verbose=1
/usr/bin/cc      -rdynamic CMakeFiles/cmTC_f3d72.dir/CheckSymbolExists.c.o  -o cmTC_f3d72 
/usr/bin/ld: CMakeFiles/cmTC_f3d72.dir/CheckSymbolExists.c.o: in function `main':
CheckSymbolExists.c:(.text+0x16): undefined reference to `pthread_create'
collect2: error: ld returned 1 exit status
gmake[1]: *** [CMakeFiles/cmTC_f3d72.dir/build.make:87: cmTC_f3d72] Error 1
gmake[1]: Leaving directory '/localdisk/rsanna/Montage/ext/Clevel-Hashing/CMakeFiles/CMakeTmp'
gmake: *** [Makefile:121: cmTC_f3d72/fast] Error 2

File /localdisk/rsanna/Montage/ext/Clevel-Hashing/CMakeFiles/CMakeTmp/CheckSymbolExists.c:
/* */
#include <pthread.h>

int main(int argc, char** argv)
{
  (void)argv;
#ifndef pthread_create
  return ((int*)(&pthread_create))[argc];
#else
  (void)argc;
  return 0;
#endif
}

Determining if the function pthread_create exists in the pthreads failed with the following output:
Change Dir: /localdisk/rsanna/Montage/ext/Clevel-Hashing/CMakeFiles/CMakeTmp

Run Build Command(s):/usr/bin/gmake cmTC_435f9/fast 
/usr/bin/gmake -f CMakeFiles/cmTC_435f9.dir/build.make CMakeFiles/cmTC_435f9.dir/build
gmake[1]: Entering directory '/localdisk/rsanna/Montage/ext/Clevel-Hashing/CMakeFiles/CMakeTmp'
Building C object CMakeFiles/cmTC_435f9.dir/CheckFunctionExists.c.o
/usr/bin/cc   -DCHECK_FUNCTION_EXISTS=pthread_create   -o CMakeFiles/cmTC_435f9.dir/CheckFunctionExists.c.o   -c /usr/share/cmake/Modules/CheckFunctionExists.c
Linking C executable cmTC_435f9
/usr/bin/cmake -E cmake_link_script CMakeFiles/cmTC_435f9.dir/link.txt --verbose=1
/usr/bin/cc  -DCHECK_FUNCTION_EXISTS=pthread_create    -rdynamic CMakeFiles/cmTC_435f9.dir/CheckFunctionExists.c.o  -o cmTC_435f9 -lpthreads 
/usr/bin/ld: cannot find -lpthreads
collect2: error: ld returned 1 exit status
gmake[1]: *** [CMakeFiles/cmTC_435f9.dir/build.make:87: cmTC_435f9] Error 1
gmake[1]: Leaving directory '/localdisk/rsanna/Montage/ext/Clevel-Hashing/CMakeFiles/CMakeTmp'
gmake: *** [Makefile:121: cmTC_435f9/fast] Error 2


Performing C++ SOURCE FILE Test CXX_HAS_/Zc:__cplusplus failed with the following output:
Change Dir: /localdisk/rsanna/Montage/ext/Clevel-Hashing/CMakeFiles/CMakeTmp

Run Build Command(s):/usr/bin/gmake cmTC_b75de/fast 
/usr/bin/gmake -f CMakeFiles/cmTC_b75de.dir/build.make CMakeFiles/cmTC_b75de.dir/build
gmake[1]: Entering directory '/localdisk/rsanna/Montage/ext/Clevel-Hashing/CMakeFiles/CMakeTmp'
Building CXX object CMakeFiles/cmTC_b75de.dir/src.cxx.o
/usr/bin/c++    -DCXX_HAS_/Zc:__cplusplus   /Zc:__cplusplus -o CMakeFiles/cmTC_b75de.dir/src.cxx.o -c /localdisk/rsanna/Montage/ext/Clevel-Hashing/CMakeFiles/CMakeTmp/src.cxx
c++: error: /Zc:__cplusplus: No such file or directory
gmake[1]: *** [CMakeFiles/cmTC_b75de.dir/build.make:66: CMakeFiles/cmTC_b75de.dir/src.cxx.o] Error 1
gmake[1]: Leaving directory '/localdisk/rsanna/Montage/ext/Clevel-Hashing/CMakeFiles/CMakeTmp'
gmake: *** [Makefile:121: cmTC_b75de/fast] Error 2

Source file was:
int main() { return 0; }
Performing C++ SOURCE FILE Test AGGREGATE_INITIALIZATION_AVAILABLE failed with the following output:
Change Dir: /localdisk/rsanna/Montage/ext/Clevel-Hashing/CMakeFiles/CMakeTmp

Run Build Command(s):/usr/bin/gmake cmTC_1a869/fast 
/usr/bin/gmake -f CMakeFiles/cmTC_1a869.dir/build.make CMakeFiles/cmTC_1a869.dir/build
gmake[1]: Entering directory '/localdisk/rsanna/Montage/ext/Clevel-Hashing/CMakeFiles/CMakeTmp'
Building CXX object CMakeFiles/cmTC_1a869.dir/src.cxx.o
/usr/bin/c++   -I/localdisk/rsanna/Montage/ext/Clevel-Hashing/include  -DAGGREGATE_INITIALIZATION_AVAILABLE --std=c++11 -c   -o CMakeFiles/cmTC_1a869.dir/src.cxx.o -c /localdisk/rsanna/Montage/ext/Clevel-Hashing/CMakeFiles/CMakeTmp/src.cxx
/localdisk/rsanna/Montage/ext/Clevel-Hashing/CMakeFiles/CMakeTmp/src.cxx: In function ‘int main()’:
/localdisk/rsanna/Montage/ext/Clevel-Hashing/CMakeFiles/CMakeTmp/src.cxx:4:17: error: static assertion failed
    4 |   static_assert(false, "");
      |                 ^~~~~
gmake[1]: *** [CMakeFiles/cmTC_1a869.dir/build.make:66: CMakeFiles/cmTC_1a869.dir/src.cxx.o] Error 1
gmake[1]: Leaving directory '/localdisk/rsanna/Montage/ext/Clevel-Hashing/CMakeFiles/CMakeTmp'
gmake: *** [Makefile:121: cmTC_1a869/fast] Error 2

Source file was:
#include <type_traits>
	int main() {
	#if !__cpp_lib_is_aggregate
		static_assert(false, "");
	#endif
	}
Performing C++ SOURCE FILE Test CXX_HAS__Wunreachable_code_return failed with the following output:
Change Dir: /localdisk/rsanna/Montage/ext/Clevel-Hashing/CMakeFiles/CMakeTmp

Run Build Command(s):/usr/bin/gmake cmTC_925b4/fast 
/usr/bin/gmake -f CMakeFiles/cmTC_925b4.dir/build.make CMakeFiles/cmTC_925b4.dir/build
gmake[1]: Entering directory '/localdisk/rsanna/Montage/ext/Clevel-Hashing/CMakeFiles/CMakeTmp'
Building CXX object CMakeFiles/cmTC_925b4.dir/src.cxx.o
/usr/bin/c++    -Wall -Wpointer-arith -Wunused-macros -Wsign-conversion -Wsign-compare -DCXX_HAS__Wunreachable_code_return   -Wunreachable-code-return -o CMakeFiles/cmTC_925b4.dir/src.cxx.o -c /localdisk/rsanna/Montage/ext/Clevel-Hashing/CMakeFiles/CMakeTmp/src.cxx
c++: error: unrecognized command line option '-Wunreachable-code-return'; did you mean '-Wunreachable-code'?
gmake[1]: *** [CMakeFiles/cmTC_925b4.dir/build.make:66: CMakeFiles/cmTC_925b4.dir/src.cxx.o] Error 1
gmake[1]: Leaving directory '/localdisk/rsanna/Montage/ext/Clevel-Hashing/CMakeFiles/CMakeTmp'
gmake: *** [Makefile:121: cmTC_925b4/fast] Error 2

Source file was:
int main() { return 0; }
Performing C++ SOURCE FILE Test CXX_HAS__Wmissing_variable_declarations failed with the following output:
Change Dir: /localdisk/rsanna/Montage/ext/Clevel-Hashing/CMakeFiles/CMakeTmp

Run Build Command(s):/usr/bin/gmake cmTC_4274b/fast 
/usr/bin/gmake -f CMakeFiles/cmTC_4274b.dir/build.make CMakeFiles/cmTC_4274b.dir/build
gmake[1]: Entering directory '/localdisk/rsanna/Montage/ext/Clevel-Hashing/CMakeFiles/CMakeTmp'
Building CXX object CMakeFiles/cmTC_4274b.dir/src.cxx.o
/usr/bin/c++    -Wall -Wpointer-arith -Wunused-macros -Wsign-conversion -Wsign-compare -DCXX_HAS__Wmissing_variable_declarations   -Wmissing-variable-declarations -o CMakeFiles/cmTC_4274b.dir/src.cxx.o -c /localdisk/rsanna/Montage/ext/Clevel-Hashing/CMakeFiles/CMakeTmp/src.cxx
c++: error: unrecognized command line option '-Wmissing-variable-declarations'; did you mean '-Wmissing-declarations'?
gmake[1]: *** [CMakeFiles/cmTC_4274b.dir/build.make:66: CMakeFiles/cmTC_4274b.dir/src.cxx.o] Error 1
gmake[1]: Leaving directory '/localdisk/rsanna/Montage/ext/Clevel-Hashing/CMakeFiles/CMakeTmp'
gmake: *** [Makefile:121: cmTC_4274b/fast] Error 2

Source file was:
int main() { return 0; }
